<?xml version="1.0" encoding="UTF-8"?>
<testng-results ignored="0" total="1" passed="1" failed="0" skipped="0">
  <reporter-output>
  </reporter-output>
  <suite started-at="2022-07-13T06:34:35 ICT" name="Default suite" finished-at="2022-07-13T06:34:50 ICT" duration-ms="15199">
    <groups>
      <group name="cucumber">
        <method signature="AbstractTestNGCucumberTests.runScenario(io.cucumber.testng.PickleWrapper,io.cucumber.testng.FeatureWrapper)[pri:0, instance:runner.HRISPagePromotionRunner@5890e879]" name="runScenario" class="io.cucumber.testng.AbstractTestNGCucumberTests"/>
      </group> <!-- cucumber -->
    </groups>
    <test started-at="2022-07-13T06:34:35 ICT" name="Default test" finished-at="2022-07-13T06:34:50 ICT" duration-ms="15199">
      <class name="runner.HRISPagePromotionRunner">
        <test-method is-config="true" signature="setUpClass(org.testng.ITestContext)[pri:0, instance:runner.HRISPagePromotionRunner@5890e879]" started-at="2022-07-13T06:34:35 ICT" name="setUpClass" finished-at="2022-07-13T06:34:35 ICT" duration-ms="328" status="PASS">
          <params>
            <param index="0">
              <value>
                <![CDATA[org.testng.TestRunner@1bb740f2]]>
              </value>
            </param>
          </params>
          <reporter-output>
          </reporter-output>
        </test-method> <!-- setUpClass -->
        <test-method signature="runScenario(io.cucumber.testng.PickleWrapper,io.cucumber.testng.FeatureWrapper)[pri:0, instance:runner.HRISPagePromotionRunner@5890e879]" started-at="2022-07-13T06:34:35 ICT" name="runScenario" description="Runs Cucumber Scenarios" data-provider="scenarios" finished-at="2022-07-13T06:34:50 ICT" duration-ms="14815" status="PASS">
          <params>
            <param index="0">
              <value>
                <![CDATA["Checklist tujuan promosi 2"]]>
              </value>
            </param>
            <param index="1">
              <value>
                <![CDATA["Add Pengajuan Promotion Jabatan"]]>
              </value>
            </param>
          </params>
          <reporter-output>
          </reporter-output>
        </test-method> <!-- runScenario -->
        <test-method is-config="true" signature="tearDownClass()[pri:0, instance:runner.HRISPagePromotionRunner@5890e879]" started-at="2022-07-13T06:34:50 ICT" name="tearDownClass" finished-at="2022-07-13T06:34:50 ICT" duration-ms="12" status="PASS">
          <reporter-output>
          </reporter-output>
        </test-method> <!-- tearDownClass -->
      </class> <!-- runner.HRISPagePromotionRunner -->
    </test> <!-- Default test -->
  </suite> <!-- Default suite -->
</testng-results>
